[2020-09-11 16:19:31,978][MainThread:49596][task_id:common.logger][test_1.py:87][INFO][搜索 '阿里巴巴',期望出现 '腾讯' ,通过]
[2020-09-11 16:19:37,051][MainThread:49596][task_id:common.logger][test_1.py:87][INFO][搜索 '美团外卖',期望出现 '百度' ,通过]
[2020-09-11 16:19:41,957][MainThread:49596][task_id:common.logger][test_1.py:75][ERROR][搜索 '饿了么',期望出现 '蚂蚁金服' ,失败]
[2020-09-11 16:19:54,919][MainThread:49596][task_id:common.logger][test_2.py:64][ERROR][搜索 '阿里巴巴',期望出现 ' 腾讯' ,失败]
[2020-09-11 16:20:00,831][MainThread:49596][task_id:common.logger][test_2.py:64][ERROR][搜索 '阿里巴巴',期望出现 ' 腾讯' ,失败]
[2020-09-11 16:20:06,656][MainThread:49596][task_id:common.logger][test_2.py:74][INFO][搜索 '美团外卖',期望出现 '百度' ,通过]
[2020-09-11 16:20:11,889][MainThread:49596][task_id:common.logger][test_2.py:64][ERROR][搜索 '饿了么',期望出现 '蚂蚁金服' ,失败]
[2020-09-11 16:20:17,629][MainThread:49596][task_id:common.logger][test_2.py:64][ERROR][搜索 '饿了么',期望出现 '蚂蚁金服' ,失败]
[2020-09-11 16:20:30,202][MainThread:49596][task_id:common.logger][test_3.py:70][INFO][搜索 '阿里巴巴',期望出现 '腾讯' ,通过]
[2020-09-11 16:20:35,190][MainThread:49596][task_id:common.logger][test_3.py:70][INFO][搜索 '美团外卖',期望出现 '百度' ,通过]
[2020-09-11 16:20:40,164][MainThread:49596][task_id:common.logger][test_3.py:60][ERROR][搜索 '饿了么',期望出现 '蚂蚁金服' ,失败]
[2020-09-11 16:20:45,533][MainThread:49596][task_id:common.logger][test_3.py:60][ERROR][搜索 '饿了么',期望出现 '蚂蚁金服' ,失败]
[2020-09-11 16:20:53,582][MainThread:49596][task_id:common.logger][test_daneyuansu.py:33][INFO][已截图]
[2020-09-11 16:20:54,148][MainThread:49596][task_id:common.logger][test_daneyuansu.py:33][INFO][已截图]
[2020-09-11 17:24:54,039][MainThread:57480][task_id:common.logger][test_1.py:87][INFO][搜索 '阿里巴巴',期望出现 '腾讯' ,通过]
[2020-09-11 17:24:59,013][MainThread:57480][task_id:common.logger][test_1.py:87][INFO][搜索 '美团外卖',期望出现 '百度' ,通过]
[2020-09-11 17:25:04,244][MainThread:57480][task_id:common.logger][test_1.py:75][ERROR][搜索 '饿了么',期望出现 '蚂蚁金服' ,失败]
[2020-09-11 17:25:17,761][MainThread:57480][task_id:common.logger][test_2.py:64][ERROR][搜索 '阿里巴巴',期望出现 ' 腾讯' ,失败]
[2020-09-11 17:25:23,214][MainThread:57480][task_id:common.logger][test_2.py:74][INFO][搜索 '美团外卖',期望出现 '百度' ,通过]
[2020-09-11 17:25:28,592][MainThread:57480][task_id:common.logger][test_2.py:64][ERROR][搜索 '饿了么',期望出现 '蚂蚁金服' ,失败]
[2020-09-11 17:25:40,762][MainThread:57480][task_id:common.logger][test_3.py:70][INFO][搜索 '阿里巴巴',期望出现 '腾讯' ,通过]
[2020-09-11 17:25:45,748][MainThread:57480][task_id:common.logger][test_3.py:70][INFO][搜索 '美团外卖',期望出现 '百度' ,通过]
[2020-09-11 17:25:50,615][MainThread:57480][task_id:common.logger][test_3.py:60][ERROR][搜索 '饿了么',期望出现 '蚂蚁金服' ,失败]
[2020-09-11 17:25:58,055][MainThread:57480][task_id:common.logger][test_daneyuansu.py:33][INFO][已截图]
[2020-09-11 17:25:58,640][MainThread:57480][task_id:common.logger][test_daneyuansu.py:33][INFO][已截图]
[2020-09-11 17:56:04,662][MainThread:61268][task_id:common.logger][test_1.py:87][INFO][搜索 '阿里巴巴',期望出现 '腾讯' ,通过]
[2020-09-11 17:56:10,264][MainThread:61268][task_id:common.logger][test_1.py:87][INFO][搜索 '美团外卖',期望出现 '百度' ,通过]
[2020-09-11 17:56:15,913][MainThread:61268][task_id:common.logger][test_1.py:75][ERROR][搜索 '饿了么',期望出现 '蚂蚁金服' ,失败]
[2020-09-11 17:56:35,218][MainThread:61268][task_id:common.logger][test_2.py:64][ERROR][搜索 '阿里巴巴',期望出现 ' 腾讯' ,失败]
[2020-09-11 17:56:43,259][MainThread:61268][task_id:common.logger][test_2.py:74][INFO][搜索 '美团外卖',期望出现 '百度' ,通过]
[2020-09-11 17:56:49,006][MainThread:61268][task_id:common.logger][test_2.py:64][ERROR][搜索 '饿了么',期望出现 '蚂蚁金服' ,失败]
[2020-09-11 17:57:06,180][MainThread:61268][task_id:common.logger][test_3.py:70][INFO][搜索 '阿里巴巴',期望出现 '腾讯' ,通过]
[2020-09-11 17:57:13,420][MainThread:61268][task_id:common.logger][test_3.py:70][INFO][搜索 '美团外卖',期望出现 '百度' ,通过]
[2020-09-11 17:57:18,968][MainThread:61268][task_id:common.logger][test_3.py:60][ERROR][搜索 '饿了么',期望出现 '蚂蚁金服' ,失败]
[2020-09-11 17:57:30,428][MainThread:61268][task_id:common.logger][test_daneyuansu.py:33][INFO][已截图]
[2020-09-11 17:57:34,367][MainThread:61268][task_id:common.logger][test_daneyuansu.py:33][INFO][已截图]
